2022-10-02 11:03:19.130 [INFO] [restartedMain] [c.e.e.Empoloypayrollday4Application:55] Starting Empoloypayrollday4Application using Java 18.0.2.1 on ASUS-Animesh with PID 25508 (C:\Users\anime\IdeaProjects\Empoloypayrollday4\target\classes started by anime in C:\Users\anime\IdeaProjects\Empoloypayrollday4)
2022-10-02 11:03:19.137 [DEBUG] [restartedMain] [c.e.e.Empoloypayrollday4Application:56] Running with Spring Boot v2.7.4, Spring v5.3.23
2022-10-02 11:03:19.138 [INFO] [restartedMain] [c.e.e.Empoloypayrollday4Application:640] The following 1 profile is active: "dev"
2022-10-02 11:03:23.056 [WARN] [restartedMain] [o.s.b.a.o.j.JpaBaseConfiguration$JpaWebConfiguration:219] spring.jpa.open-in-view is enabled by default. Therefore, database queries may be performed during view rendering. Explicitly configure spring.jpa.open-in-view to disable this warning
2022-10-02 11:03:23.502 [INFO] [restartedMain] [c.e.e.Empoloypayrollday4Application:61] Started Empoloypayrollday4Application in 4.873 seconds (JVM running for 6.155)
2022-10-02 11:16:11.082 [INFO] [restartedMain] [c.e.e.Empoloypayrollday4Application:55] Starting Empoloypayrollday4Application using Java 18.0.2.1 on ASUS-Animesh with PID 2800 (C:\Users\anime\IdeaProjects\Empoloypayrollday4\target\classes started by anime in C:\Users\anime\IdeaProjects\Empoloypayrollday4)
2022-10-02 11:16:11.084 [DEBUG] [restartedMain] [c.e.e.Empoloypayrollday4Application:56] Running with Spring Boot v2.7.4, Spring v5.3.23
2022-10-02 11:16:11.084 [INFO] [restartedMain] [c.e.e.Empoloypayrollday4Application:640] The following 1 profile is active: "dev"
2022-10-02 11:16:14.813 [WARN] [restartedMain] [o.s.b.a.o.j.JpaBaseConfiguration$JpaWebConfiguration:219] spring.jpa.open-in-view is enabled by default. Therefore, database queries may be performed during view rendering. Explicitly configure spring.jpa.open-in-view to disable this warning
2022-10-02 11:16:15.197 [INFO] [restartedMain] [c.e.e.Empoloypayrollday4Application:61] Started Empoloypayrollday4Application in 4.619 seconds (JVM running for 5.559)2022-10-03 04:30:32.117 [INFO] [restartedMain] [c.e.e.Empoloypayrollday4Application:55] Starting Empoloypayrollday4Application using Java 18.0.2.1 on ASUS-Animesh with PID 14116 (C:\Users\anime\IdeaProjects\Empoloypayrollday4\target\classes started by root in C:\Users\anime\IdeaProjects\Empoloypayrollday4)
2022-10-03 04:30:32.118 [DEBUG] [restartedMain] [c.e.e.Empoloypayrollday4Application:56] Running with Spring Boot v2.7.4, Spring v5.3.23
2022-10-03 04:30:32.119 [INFO] [restartedMain] [c.e.e.Empoloypayrollday4Application:640] The following 1 profile is active: "dev"
2022-10-03 04:30:36.004 [WARN] [restartedMain] [o.s.b.a.o.j.JpaBaseConfiguration$JpaWebConfiguration:219] spring.jpa.open-in-view is enabled by default. Therefore, database queries may be performed during view rendering. Explicitly configure spring.jpa.open-in-view to disable this warning
2022-10-03 04:30:36.399 [INFO] [restartedMain] [c.e.e.Empoloypayrollday4Application:61] Started Empoloypayrollday4Application in 4.754 seconds (JVM running for 6.094)
2022-10-03 04:32:19.425 [WARN] [http-nio-8080-exec-1] [o.s.w.s.m.s.DefaultHandlerExceptionResolver:208] Resolved [org.springframework.web.bind.MethodArgumentNotValidException: Validation failed for argument [0] in public org.springframework.http.ResponseEntity<com.example.empoloypayrollday4.dto.EmpResponseDto> com.example.empoloypayrollday4.empcontroller.EmpController.postByDto(com.example.empoloypayrollday4.dto.EmpDto) with 2 errors: [Field error in object 'empDto' on field 'salary': rejected value [10]; codes [Min.empDto.salary,Min.salary,Min.java.lang.Integer,Min]; arguments [org.springframework.context.support.DefaultMessageSourceResolvable: codes [empDto.salary,salary]; arguments []; default message [salary],5000]; default message [must be greater than 5000]] [Field error in object 'empDto' on field 'address': rejected value []; codes [NotEmpty.empDto.address,NotEmpty.address,NotEmpty.java.lang.String,NotEmpty]; arguments [org.springframework.context.support.DefaultMessageSourceResolvable: codes [empDto.address,address]; arguments []; default message [address]]; default message [address is requried]] ]
2022-10-03 18:19:22.926 [INFO] [restartedMain] [c.e.e.Empoloypayrollday4Application:55] Starting Empoloypayrollday4Application using Java 18.0.2.1 on ASUS-Animesh with PID 20116 (C:\Users\anime\IdeaProjects\Empoloypayrollday4\target\classes started by root in C:\Users\anime\IdeaProjects\Empoloypayrollday4)
2022-10-03 18:19:22.927 [DEBUG] [restartedMain] [c.e.e.Empoloypayrollday4Application:56] Running with Spring Boot v2.7.4, Spring v5.3.23
2022-10-03 18:19:22.928 [INFO] [restartedMain] [c.e.e.Empoloypayrollday4Application:640] The following 1 profile is active: "dev"
2022-10-03 18:19:26.637 [WARN] [restartedMain] [o.s.b.a.o.j.JpaBaseConfiguration$JpaWebConfiguration:219] spring.jpa.open-in-view is enabled by default. Therefore, database queries may be performed during view rendering. Explicitly configure spring.jpa.open-in-view to disable this warning
2022-10-03 18:19:27.074 [INFO] [restartedMain] [c.e.e.Empoloypayrollday4Application:61] Started Empoloypayrollday4Application in 4.652 seconds (JVM running for 6.043)
2022-10-03 18:24:13.849 [WARN] [http-nio-8080-exec-3] [o.s.w.s.m.m.a.ExceptionHandlerExceptionResolver:208] Resolved [com.example.empoloypayrollday4.exception.EmpolyPayrollException: employee not found]
